app/build/outputs/logs/manifest-merger-debug-report.txt
-- Merging decision tree log ---
manifest
ADDED from src/main/AndroidManifest.xml:2:1-281:12
	xmlns:android
		ADDED from src/main/AndroidManifest.xml:2:11-69
	package
		ADDED from src/main/AndroidManifest.xml:3:11-35
		INJECTED from src/main/AndroidManifest.xml
		INJECTED from src/main/AndroidManifest.xml
	android:versionName
		ADDED from src/main/AndroidManifest.xml:5:11-44
		INJECTED from src/main/AndroidManifest.xml
		INJECTED from src/main/AndroidManifest.xml
	android:versionCode
		ADDED from src/main/AndroidManifest.xml:4:11-34
		INJECTED from src/main/AndroidManifest.xml
		INJECTED from src/main/AndroidManifest.xml
uses-sdk
ADDED from src/main/AndroidManifest.xml:7:5-43
MERGED from [com.android.support:support-v4:22.0.0] AndroidManifest.xml:20:5-43
MERGED from [西邮成绩:cardsuilib:unspecified] AndroidManifest.xml:7:5-9:41
MERGED from [com.android.support:support-v4:22.0.0] AndroidManifest.xml:20:5-43
MERGED from [西邮成绩:slidemenu:unspecified] AndroidManifest.xml:7:5-9:41
MERGED from [com.android.support:support-v4:22.0.0] AndroidManifest.xml:20:5-43
MERGED from [西邮成绩:actionbarsherlock:unspecified] AndroidManifest.xml:7:5-9:41
MERGED from [西邮成绩:rpcapi:unspecified] AndroidManifest.xml:7:5-9:41
MERGED from [com.android.support:support-v4:22.0.0] AndroidManifest.xml:20:5-43
MERGED from [西邮成绩:common:unspecified] AndroidManifest.xml:7:5-9:41
MERGED from [西邮成绩:common:unspecified] AndroidManifest.xml:7:5-9:41
	android:targetSdkVersion
		INJECTED from src/main/AndroidManifest.xml
		INJECTED from src/main/AndroidManifest.xml
	android:minSdkVersion
		ADDED from src/main/AndroidManifest.xml:7:15-41
		INJECTED from src/main/AndroidManifest.xml
		INJECTED from src/main/AndroidManifest.xml
supports-screens
ADDED from src/main/AndroidManifest.xml:9:5-14:42
	android:resizeable
		ADDED from src/main/AndroidManifest.xml:13:13-38
	android:largeScreens
		ADDED from src/main/AndroidManifest.xml:11:13-40
	android:anyDensity
		ADDED from src/main/AndroidManifest.xml:10:13-38
	android:normalScreens
		ADDED from src/main/AndroidManifest.xml:12:13-42
	android:smallScreens
		ADDED from src/main/AndroidManifest.xml:14:13-40
uses-permission#android.permission.INSTALL_PACKAGES
ADDED from src/main/AndroidManifest.xml:16:5-74
	android:name
		ADDED from src/main/AndroidManifest.xml:16:22-72
uses-permission#android.permission.DELETE_PACKAGES
ADDED from src/main/AndroidManifest.xml:17:5-73
	android:name
		ADDED from src/main/AndroidManifest.xml:17:22-71
uses-permission#android.permission.CLEAR_APP_CACHE
ADDED from src/main/AndroidManifest.xml:18:5-73
	android:name
		ADDED from src/main/AndroidManifest.xml:18:22-71
uses-permission#android.permission.CLEAR_APP_USER_DATA
ADDED from src/main/AndroidManifest.xml:19:5-77
	android:name
		ADDED from src/main/AndroidManifest.xml:19:22-75
uses-permission#android.permission.INTERNET
ADDED from src/main/AndroidManifest.xml:22:5-66
	android:name
		ADDED from src/main/AndroidManifest.xml:22:22-64
uses-permission#android.permission.WRITE_EXTERNAL_STORAGE
ADDED from src/main/AndroidManifest.xml:23:5-80
	android:name
		ADDED from src/main/AndroidManifest.xml:23:22-78
uses-permission#android.permission.READ_LOGS
ADDED from src/main/AndroidManifest.xml:24:5-67
	android:name
		ADDED from src/main/AndroidManifest.xml:24:22-65
permission#cn.bmob.permission.push
ADDED from src/main/AndroidManifest.xml:26:5-29:18
	android:protectionLevel
		ADDED from src/main/AndroidManifest.xml:28:13-45
	android:name
		ADDED from src/main/AndroidManifest.xml:27:13-51
uses-permission#cn.bmob.permission.push
ADDED from src/main/AndroidManifest.xml:31:5-62
	android:name
		ADDED from src/main/AndroidManifest.xml:31:22-60
uses-permission#android.permission.MOUNT_UNMOUNT_FILESYSTEMS
ADDED from src/main/AndroidManifest.xml:34:5-83
	android:name
		ADDED from src/main/AndroidManifest.xml:34:22-81
uses-permission#android.permission.VIBRATE
ADDED from src/main/AndroidManifest.xml:36:5-65
	android:name
		ADDED from src/main/AndroidManifest.xml:36:22-63
uses-permission#android.permission.GET_ACCOUNTS
ADDED from src/main/AndroidManifest.xml:38:5-70
	android:name
		ADDED from src/main/AndroidManifest.xml:38:22-68
uses-permission#android.permission.USE_CREDENTIALS
ADDED from src/main/AndroidManifest.xml:39:5-73
	android:name
		ADDED from src/main/AndroidManifest.xml:39:22-71
uses-permission#android.permission.MANAGE_ACCOUNTS
ADDED from src/main/AndroidManifest.xml:40:5-73
	android:name
		ADDED from src/main/AndroidManifest.xml:40:22-71
uses-permission#android.permission.AUTHENTICATE_ACCOUNTS
ADDED from src/main/AndroidManifest.xml:41:5-79
	android:name
		ADDED from src/main/AndroidManifest.xml:41:22-77
uses-permission#android.permission.BAIDU_LOCATION_SERVICE
ADDED from src/main/AndroidManifest.xml:42:5-43:23
	android:name
		ADDED from src/main/AndroidManifest.xml:42:22-78
uses-permission#android.permission.ACCESS_MOCK_LOCATION
ADDED from src/main/AndroidManifest.xml:44:5-45:23
	android:name
		ADDED from src/main/AndroidManifest.xml:44:22-76
uses-permission#com.android.launcher.permission.READ_SETTINGS
ADDED from src/main/AndroidManifest.xml:46:5-84
	android:name
		ADDED from src/main/AndroidManifest.xml:46:22-82
uses-permission#android.permission.WAKE_LOCK
ADDED from src/main/AndroidManifest.xml:47:5-48:23
	android:name
		ADDED from src/main/AndroidManifest.xml:47:22-65
uses-permission#android.permission.ACCESS_GPS
ADDED from src/main/AndroidManifest.xml:49:5-68
	android:name
		ADDED from src/main/AndroidManifest.xml:49:22-66
uses-permission#android.permission.READ_CONTACTS
ADDED from src/main/AndroidManifest.xml:50:5-71
	android:name
		ADDED from src/main/AndroidManifest.xml:50:22-69
uses-permission#android.permission.CALL_PHONE
ADDED from src/main/AndroidManifest.xml:51:5-68
	android:name
		ADDED from src/main/AndroidManifest.xml:51:22-66
uses-permission#android.permission.READ_SMS
ADDED from src/main/AndroidManifest.xml:52:5-66
	android:name
		ADDED from src/main/AndroidManifest.xml:52:22-64
uses-permission#android.permission.SEND_SMS
ADDED from src/main/AndroidManifest.xml:53:5-66
	android:name
		ADDED from src/main/AndroidManifest.xml:53:22-64
uses-permission#android.permission.GET_TASKS
ADDED from src/main/AndroidManifest.xml:55:5-67
	android:name
		ADDED from src/main/AndroidManifest.xml:55:22-65
uses-permission#android.permission.CAMERA
ADDED from src/main/AndroidManifest.xml:56:5-57:23
	android:name
		ADDED from src/main/AndroidManifest.xml:56:22-62
uses-permission#android.permission.RECORD_AUDIO
ADDED from src/main/AndroidManifest.xml:58:5-59:23
	android:name
		ADDED from src/main/AndroidManifest.xml:58:22-68
uses-permission#android.permission.RECEIVE_BOOT_COMPLETED
ADDED from src/main/AndroidManifest.xml:60:5-80
	android:name
		ADDED from src/main/AndroidManifest.xml:60:22-78
uses-permission#android.permission.BROADCAST_STICKY
ADDED from src/main/AndroidManifest.xml:61:5-74
	android:name
		ADDED from src/main/AndroidManifest.xml:61:22-72
uses-permission#android.permission.WRITE_SETTINGS
ADDED from src/main/AndroidManifest.xml:62:5-72
	android:name
		ADDED from src/main/AndroidManifest.xml:62:22-70
uses-permission#com.android.launcher.permission.INSTALL_SHORTCUT
ADDED from src/main/AndroidManifest.xml:63:5-87
	android:name
		ADDED from src/main/AndroidManifest.xml:63:22-85
uses-permission#android.permission.PROCESS_OUTGOING_CALLS
ADDED from src/main/AndroidManifest.xml:65:5-66:23
	android:name
		ADDED from src/main/AndroidManifest.xml:65:22-78
uses-permission#android.permission.MODIFY_AUDIO_SETTINGS
ADDED from src/main/AndroidManifest.xml:67:5-79
	android:name
		ADDED from src/main/AndroidManifest.xml:67:22-77
uses-permission#android.permission.ACCESS_COARSE_LOCATION
ADDED from src/main/AndroidManifest.xml:70:5-71:23
	android:name
		ADDED from src/main/AndroidManifest.xml:70:22-78
uses-permission#android.permission.ACCESS_FINE_LOCATION
ADDED from src/main/AndroidManifest.xml:73:5-74:23
	android:name
		ADDED from src/main/AndroidManifest.xml:73:22-76
uses-permission#android.permission.ACCESS_WIFI_STATE
ADDED from src/main/AndroidManifest.xml:76:5-77:23
	android:name
		ADDED from src/main/AndroidManifest.xml:76:22-73
uses-permission#android.permission.ACCESS_NETWORK_STATE
ADDED from src/main/AndroidManifest.xml:79:5-80:23
	android:name
		ADDED from src/main/AndroidManifest.xml:79:22-76
uses-permission#android.permission.CHANGE_WIFI_STATE
ADDED from src/main/AndroidManifest.xml:82:5-83:23
	android:name
		ADDED from src/main/AndroidManifest.xml:82:22-73
uses-permission#android.permission.READ_PHONE_STATE
ADDED from src/main/AndroidManifest.xml:85:5-86:23
	android:name
		ADDED from src/main/AndroidManifest.xml:85:22-72
application
ADDED from src/main/AndroidManifest.xml:88:5-279:19
MERGED from [com.android.support:support-v4:22.0.0] AndroidManifest.xml:22:5-20
MERGED from [com.android.support:support-v4:22.0.0] AndroidManifest.xml:22:5-20
MERGED from [com.android.support:support-v4:22.0.0] AndroidManifest.xml:22:5-20
MERGED from [西邮成绩:rpcapi:unspecified] AndroidManifest.xml:11:5-15:19
MERGED from [com.android.support:support-v4:22.0.0] AndroidManifest.xml:22:5-20
MERGED from [西邮成绩:common:unspecified] AndroidManifest.xml:11:5-15:19
MERGED from [西邮成绩:common:unspecified] AndroidManifest.xml:11:5-15:19
	android:supportsRtl
		ADDED from [西邮成绩:rpcapi:unspecified] AndroidManifest.xml:14:9-35
	android:label
		ADDED from src/main/AndroidManifest.xml:93:13-45
	android:allowBackup
		ADDED from src/main/AndroidManifest.xml:90:13-39
	android:icon
		ADDED from src/main/AndroidManifest.xml:92:13-56
	android:hardwareAccelerated
		ADDED from src/main/AndroidManifest.xml:91:13-47
	android:name
		ADDED from src/main/AndroidManifest.xml:89:13-61
	android:logo
		ADDED from src/main/AndroidManifest.xml:94:13-56
activity#com.xy.fy.main.WelcomeActivity
ADDED from src/main/AndroidManifest.xml:95:9-113:20
	android:label
		ADDED from src/main/AndroidManifest.xml:98:17-49
	android:theme
		ADDED from src/main/AndroidManifest.xml:99:17-75
	android:exported
		ADDED from src/main/AndroidManifest.xml:97:17-40
	android:name
		ADDED from src/main/AndroidManifest.xml:96:17-62
intent-filter#android.intent.action.MAIN+android.intent.category.LAUNCHER
ADDED from src/main/AndroidManifest.xml:100:13-104:29
action#android.intent.action.MAIN
ADDED from src/main/AndroidManifest.xml:101:17-68
	android:name
		ADDED from src/main/AndroidManifest.xml:101:25-66
category#android.intent.category.LAUNCHER
ADDED from src/main/AndroidManifest.xml:103:17-76
	android:name
		ADDED from src/main/AndroidManifest.xml:103:27-74
intent-filter#android.intent.action.VIEW+android.intent.category.BROWSABLE+android.intent.category.DEFAULT
ADDED from src/main/AndroidManifest.xml:105:13-112:29
data
ADDED from src/main/AndroidManifest.xml:106:17-49
	android:scheme
		ADDED from src/main/AndroidManifest.xml:106:23-47
action#android.intent.action.VIEW
ADDED from src/main/AndroidManifest.xml:108:17-68
	android:name
		ADDED from src/main/AndroidManifest.xml:108:25-66
category#android.intent.category.DEFAULT
ADDED from src/main/AndroidManifest.xml:110:17-75
	android:name
		ADDED from src/main/AndroidManifest.xml:110:27-73
category#android.intent.category.BROWSABLE
ADDED from src/main/AndroidManifest.xml:111:17-77
	android:name
		ADDED from src/main/AndroidManifest.xml:111:27-75
activity#com.xy.fy.main.MainActivity
ADDED from src/main/AndroidManifest.xml:114:9-118:20
	android:screenOrientation
		ADDED from src/main/AndroidManifest.xml:117:17-53
	android:theme
		ADDED from src/main/AndroidManifest.xml:116:17-57
	android:name
		ADDED from src/main/AndroidManifest.xml:115:17-59
activity#com.xy.fy.main.LoginActivity
ADDED from src/main/AndroidManifest.xml:119:9-120:20
	android:name
		ADDED from src/main/AndroidManifest.xml:119:19-62
activity#com.xy.fy.main.FriendRecommondActivity
ADDED from src/main/AndroidManifest.xml:121:9-123:59
	android:theme
		ADDED from src/main/AndroidManifest.xml:123:17-57
	android:name
		ADDED from src/main/AndroidManifest.xml:122:17-70
activity#com.xy.fy.main.FriendApplyActivity
ADDED from src/main/AndroidManifest.xml:124:9-70
	android:name
		ADDED from src/main/AndroidManifest.xml:124:19-68
activity#com.xy.fy.main.CETActivity
ADDED from src/main/AndroidManifest.xml:125:9-62
	android:name
		ADDED from src/main/AndroidManifest.xml:125:19-60
activity#com.xy.fy.main.AddFriendListActivity
ADDED from src/main/AndroidManifest.xml:126:9-128:59
	android:theme
		ADDED from src/main/AndroidManifest.xml:128:17-57
	android:name
		ADDED from src/main/AndroidManifest.xml:127:17-68
activity#com.xy.fy.main.ShowScoreActivity
ADDED from src/main/AndroidManifest.xml:129:9-131:53
	android:theme
		ADDED from src/main/AndroidManifest.xml:131:17-51
	android:name
		ADDED from src/main/AndroidManifest.xml:130:17-64
activity#com.xy.fy.main.ForgetCetActivity
ADDED from src/main/AndroidManifest.xml:132:9-134:53
	android:theme
		ADDED from src/main/AndroidManifest.xml:134:17-51
	android:name
		ADDED from src/main/AndroidManifest.xml:133:17-64
activity#com.xy.fy.main.LanguageActivity
ADDED from src/main/AndroidManifest.xml:136:9-138:53
	android:theme
		ADDED from src/main/AndroidManifest.xml:138:17-51
	android:name
		ADDED from src/main/AndroidManifest.xml:137:17-63
activity#com.xy.fy.main.ChangePwdActivity
ADDED from src/main/AndroidManifest.xml:139:9-141:53
	android:theme
		ADDED from src/main/AndroidManifest.xml:141:17-51
	android:name
		ADDED from src/main/AndroidManifest.xml:140:17-64
activity#com.xy.fy.main.MessageDetailActivity
ADDED from src/main/AndroidManifest.xml:143:9-146:60
	android:windowSoftInputMode
		ADDED from src/main/AndroidManifest.xml:146:17-58
	android:configChanges
		ADDED from src/main/AndroidManifest.xml:145:17-67
	android:name
		ADDED from src/main/AndroidManifest.xml:144:17-68
activity#cn.sharesdk.framework.ShareSDKUIShell
ADDED from src/main/AndroidManifest.xml:147:9-161:20
	android:windowSoftInputMode
		ADDED from src/main/AndroidManifest.xml:152:17-71
	android:screenOrientation
		ADDED from src/main/AndroidManifest.xml:150:17-53
	android:configChanges
		ADDED from src/main/AndroidManifest.xml:149:17-78
	android:theme
		ADDED from src/main/AndroidManifest.xml:151:17-76
	android:name
		ADDED from src/main/AndroidManifest.xml:148:17-69
activity#com.xy.fy.main.wxapi.WXEntryActivity
ADDED from src/main/AndroidManifest.xml:162:9-167:78
	android:screenOrientation
		ADDED from src/main/AndroidManifest.xml:166:17-53
	android:configChanges
		ADDED from src/main/AndroidManifest.xml:164:17-78
	android:theme
		ADDED from src/main/AndroidManifest.xml:167:17-76
	android:exported
		ADDED from src/main/AndroidManifest.xml:165:17-40
	android:name
		ADDED from src/main/AndroidManifest.xml:163:17-68
activity#com.bmob.im.demo.ui.SplashActivity
ADDED from src/main/AndroidManifest.xml:168:9-172:20
	android:theme
		ADDED from src/main/AndroidManifest.xml:171:17-76
	android:name
		ADDED from src/main/AndroidManifest.xml:169:17-66
	android:launchMode
		ADDED from src/main/AndroidManifest.xml:170:17-52
activity#com.bmob.im.demo.ui.MainActivity
ADDED from src/main/AndroidManifest.xml:173:9-176:78
	android:theme
		ADDED from src/main/AndroidManifest.xml:176:17-76
	android:name
		ADDED from src/main/AndroidManifest.xml:174:17-64
	android:launchMode
		ADDED from src/main/AndroidManifest.xml:175:17-52
activity#com.bmob.im.demo.ui.LoginActivity
ADDED from src/main/AndroidManifest.xml:177:9-179:78
	android:theme
		ADDED from src/main/AndroidManifest.xml:179:17-76
	android:name
		ADDED from src/main/AndroidManifest.xml:178:17-65
activity#com.bmob.im.demo.ui.LocationActivity
ADDED from src/main/AndroidManifest.xml:180:9-182:78
	android:theme
		ADDED from src/main/AndroidManifest.xml:182:17-76
	android:name
		ADDED from src/main/AndroidManifest.xml:181:17-68
activity#com.bmob.im.demo.ui.BlackListActivity
ADDED from src/main/AndroidManifest.xml:183:9-185:78
	android:theme
		ADDED from src/main/AndroidManifest.xml:185:17-76
	android:name
		ADDED from src/main/AndroidManifest.xml:184:17-69
activity#com.bmob.im.demo.ui.ImageBrowserActivity
ADDED from src/main/AndroidManifest.xml:186:9-188:78
	android:theme
		ADDED from src/main/AndroidManifest.xml:188:17-76
	android:name
		ADDED from src/main/AndroidManifest.xml:187:17-72
activity#com.bmob.im.demo.ui.AddFriendActivity
ADDED from src/main/AndroidManifest.xml:189:9-192:70
	android:windowSoftInputMode
		ADDED from src/main/AndroidManifest.xml:192:17-68
	android:theme
		ADDED from src/main/AndroidManifest.xml:191:17-76
	android:name
		ADDED from src/main/AndroidManifest.xml:190:17-69
activity#com.bmob.im.demo.ui.NewFriendActivity
ADDED from src/main/AndroidManifest.xml:193:9-195:78
	android:theme
		ADDED from src/main/AndroidManifest.xml:195:17-76
	android:name
		ADDED from src/main/AndroidManifest.xml:194:17-69
activity#com.bmob.im.demo.ui.NearPeopleActivity
ADDED from src/main/AndroidManifest.xml:196:9-198:78
	android:theme
		ADDED from src/main/AndroidManifest.xml:198:17-76
	android:name
		ADDED from src/main/AndroidManifest.xml:197:17-70
activity#com.bmob.im.demo.ui.FileSourceActivity
ADDED from src/main/AndroidManifest.xml:199:9-201:78
	android:theme
		ADDED from src/main/AndroidManifest.xml:201:17-76
	android:name
		ADDED from src/main/AndroidManifest.xml:200:17-70
activity#com.bmob.im.demo.ui.UpdateInfoActivity
ADDED from src/main/AndroidManifest.xml:202:9-204:78
	android:theme
		ADDED from src/main/AndroidManifest.xml:204:17-76
	android:name
		ADDED from src/main/AndroidManifest.xml:203:17-70
activity#com.bmob.im.demo.ui.TestActivity
ADDED from src/main/AndroidManifest.xml:205:9-207:78
	android:theme
		ADDED from src/main/AndroidManifest.xml:207:17-76
	android:name
		ADDED from src/main/AndroidManifest.xml:206:17-64
activity#com.bmob.im.demo.ui.ChatActivity
ADDED from src/main/AndroidManifest.xml:208:9-211:79
	android:windowSoftInputMode
		ADDED from src/main/AndroidManifest.xml:211:17-77
	android:theme
		ADDED from src/main/AndroidManifest.xml:210:17-76
	android:name
		ADDED from src/main/AndroidManifest.xml:209:17-64
activity#com.bmob.im.demo.ui.SetMyInfoActivity
ADDED from src/main/AndroidManifest.xml:212:9-214:78
	android:theme
		ADDED from src/main/AndroidManifest.xml:214:17-76
	android:name
		ADDED from src/main/AndroidManifest.xml:213:17-69
activity#com.bmob.im.demo.ui.RegisterActivity
ADDED from src/main/AndroidManifest.xml:215:9-218:78
	android:label
		ADDED from src/main/AndroidManifest.xml:217:17-49
	android:theme
		ADDED from src/main/AndroidManifest.xml:218:17-76
	android:name
		ADDED from src/main/AndroidManifest.xml:216:17-68
meta-data#com.baidu.lbsapi.API_KEY
ADDED from src/main/AndroidManifest.xml:221:9-223:59
	android:name
		ADDED from src/main/AndroidManifest.xml:222:17-56
	android:value
		ADDED from src/main/AndroidManifest.xml:223:17-57
service#com.baidu.location.f
ADDED from src/main/AndroidManifest.xml:225:9-233:19
	android:process
		ADDED from src/main/AndroidManifest.xml:228:17-42
	android:enabled
		ADDED from src/main/AndroidManifest.xml:227:17-39
	android:name
		ADDED from src/main/AndroidManifest.xml:226:17-52
intent-filter#com.baidu.location.service_v2.2
ADDED from src/main/AndroidManifest.xml:229:13-232:29
action#com.baidu.location.service_v2.2
ADDED from src/main/AndroidManifest.xml:230:17-231:26
	android:name
		ADDED from src/main/AndroidManifest.xml:230:25-71
service#cn.bmob.push.lib.service.PushService
ADDED from src/main/AndroidManifest.xml:236:9-245:19
	android:label
		ADDED from src/main/AndroidManifest.xml:239:17-44
	android:process
		ADDED from src/main/AndroidManifest.xml:241:17-47
	android:exported
		ADDED from src/main/AndroidManifest.xml:238:17-40
	android:permission
		ADDED from src/main/AndroidManifest.xml:240:17-61
	android:name
		ADDED from src/main/AndroidManifest.xml:237:17-68
intent-filter#cn.bmob.push.lib.service.PushService
ADDED from src/main/AndroidManifest.xml:242:13-244:29
action#cn.bmob.push.lib.service.PushService
ADDED from src/main/AndroidManifest.xml:243:17-78
	android:name
		ADDED from src/main/AndroidManifest.xml:243:25-76
receiver#cn.bmob.push.PushReceiver
ADDED from src/main/AndroidManifest.xml:247:9-256:20
	android:name
		ADDED from src/main/AndroidManifest.xml:247:19-59
intent-filter#android.intent.action.BOOT_COMPLETED+android.intent.action.USER_PRESENT+android.net.conn.CONNECTIVITY_CHANGE
ADDED from src/main/AndroidManifest.xml:248:13-255:29
	android:priority
		ADDED from src/main/AndroidManifest.xml:248:28-57
action#android.intent.action.BOOT_COMPLETED
ADDED from src/main/AndroidManifest.xml:250:17-78
	android:name
		ADDED from src/main/AndroidManifest.xml:250:25-76
action#android.intent.action.USER_PRESENT
ADDED from src/main/AndroidManifest.xml:252:17-76
	android:name
		ADDED from src/main/AndroidManifest.xml:252:25-74
action#android.net.conn.CONNECTIVITY_CHANGE
ADDED from src/main/AndroidManifest.xml:254:17-78
	android:name
		ADDED from src/main/AndroidManifest.xml:254:25-76
receiver#com.bmob.im.demo.MyMessageReceiver
ADDED from src/main/AndroidManifest.xml:257:9-261:20
	android:name
		ADDED from src/main/AndroidManifest.xml:257:19-68
intent-filter#cn.bmob.push.action.MESSAGE
ADDED from src/main/AndroidManifest.xml:258:13-260:29
action#cn.bmob.push.action.MESSAGE
ADDED from src/main/AndroidManifest.xml:259:17-69
	android:name
		ADDED from src/main/AndroidManifest.xml:259:25-67
service#cn.bmob.im.poll.BmobPollService
ADDED from src/main/AndroidManifest.xml:267:9-271:19
	android:name
		ADDED from src/main/AndroidManifest.xml:267:18-64
intent-filter#cn.bmob.im.service.BmobPollService
ADDED from src/main/AndroidManifest.xml:268:13-270:29
action#cn.bmob.im.service.BmobPollService
ADDED from src/main/AndroidManifest.xml:269:17-76
	android:name
		ADDED from src/main/AndroidManifest.xml:269:25-74
intent-filter#android.intent.action.CREATE_SHORTCUT+android.intent.category.DEFAULT
ADDED from src/main/AndroidManifest.xml:274:9-278:25
action#android.intent.action.CREATE_SHORTCUT
ADDED from src/main/AndroidManifest.xml:275:13-75
	android:name
		ADDED from src/main/AndroidManifest.xml:275:21-73